# JRE version: OpenJDK Runtime Environment (8.0_131-b11) (build 1.8.0_131-8u131-b11-2ubuntu1.17.04.3-b11)
# Java VM: OpenJDK 64-Bit Server VM (25.131-b11 mixed mode linux-amd64 compressed oops)
Heap:
 PSYoungGen      total 169984K, used 19965K [0x00000000f0580000, 0x00000000fc980000, 0x0000000100000000)
  eden space 150016K, 0% used [0x00000000f0580000,0x00000000f0580000,0x00000000f9800000)
  from space 19968K, 99% used [0x00000000fb600000,0x00000000fc97f618,0x00000000fc980000)
  to   space 11264K, 0% used [0x00000000f9800000,0x00000000f9800000,0x00000000fa300000)
 ParOldGen       total 72704K, used 48993K [0x00000000d1000000, 0x00000000d5700000, 0x00000000f0580000)
  object space 72704K, 67% used [0x00000000d1000000,0x00000000d3fd8538,0x00000000d5700000)
 Metaspace       used 27066K, capacity 27972K, committed 28288K, reserved 1075200K
  class space    used 3154K, capacity 3356K, committed 3456K, reserved 1048576K
GC Heap History (10 events):
Event: 6,063 GC heap after
Heap after GC invocations=9 (full 0):
 PSYoungGen      total 105472K, used 6263K [0x00000000f0580000, 0x00000000fae00000, 0x0000000100000000)
  eden space 96768K, 0% used [0x00000000f0580000,0x00000000f0580000,0x00000000f6400000)
  from space 8704K, 71% used [0x00000000f6400000,0x00000000f6a1ddb0,0x00000000f6c80000)
  to   space 8704K, 0% used [0x00000000fa580000,0x00000000fa580000,0x00000000fae00000)
 ParOldGen       total 32768K, used 11826K [0x00000000d1000000, 0x00000000d3000000, 0x00000000f0580000)
  object space 32768K, 36% used [0x00000000d1000000,0x00000000d1b8ca28,0x00000000d3000000)
 Metaspace       used 20479K, capacity 21084K, committed 21296K, reserved 1069056K
  class space    used 2440K, capacity 2569K, committed 2688K, reserved 1048576K
}
Event: 6,063 GC heap before
{Heap before GC invocations=10 (full 1):
 PSYoungGen      total 105472K, used 6263K [0x00000000f0580000, 0x00000000fae00000, 0x0000000100000000)
  eden space 96768K, 0% used [0x00000000f0580000,0x00000000f0580000,0x00000000f6400000)
  from space 8704K, 71% used [0x00000000f6400000,0x00000000f6a1ddb0,0x00000000f6c80000)
  to   space 8704K, 0% used [0x00000000fa580000,0x00000000fa580000,0x00000000fae00000)
 ParOldGen       total 32768K, used 11826K [0x00000000d1000000, 0x00000000d3000000, 0x00000000f0580000)
  object space 32768K, 36% used [0x00000000d1000000,0x00000000d1b8ca28,0x00000000d3000000)
 Metaspace       used 20479K, capacity 21084K, committed 21296K, reserved 1069056K
  class space    used 2440K, capacity 2569K, committed 2688K, reserved 1048576K
Event: 6,213 GC heap after
Heap after GC invocations=10 (full 1):
 PSYoungGen      total 105472K, used 0K [0x00000000f0580000, 0x00000000fae00000, 0x0000000100000000)
  eden space 96768K, 0% used [0x00000000f0580000,0x00000000f0580000,0x00000000f6400000)
  from space 8704K, 0% used [0x00000000f6400000,0x00000000f6400000,0x00000000f6c80000)
  to   space 8704K, 0% used [0x00000000fa580000,0x00000000fa580000,0x00000000fae00000)
 ParOldGen       total 32256K, used 10105K [0x00000000d1000000, 0x00000000d2f80000, 0x00000000f0580000)
  object space 32256K, 31% used [0x00000000d1000000,0x00000000d19de5c8,0x00000000d2f80000)
 Metaspace       used 20479K, capacity 21084K, committed 21296K, reserved 1069056K
  class space    used 2440K, capacity 2569K, committed 2688K, reserved 1048576K
}
Event: 7,790 GC heap before
{Heap before GC invocations=11 (full 1):
 PSYoungGen      total 105472K, used 96768K [0x00000000f0580000, 0x00000000fae00000, 0x0000000100000000)
  eden space 96768K, 100% used [0x00000000f0580000,0x00000000f6400000,0x00000000f6400000)
  from space 8704K, 0% used [0x00000000f6400000,0x00000000f6400000,0x00000000f6c80000)
  to   space 8704K, 0% used [0x00000000fa580000,0x00000000fa580000,0x00000000fae00000)
 ParOldGen       total 32256K, used 10105K [0x00000000d1000000, 0x00000000d2f80000, 0x00000000f0580000)
  object space 32256K, 31% used [0x00000000d1000000,0x00000000d19de5c8,0x00000000d2f80000)
 Metaspace       used 24302K, capacity 25064K, committed 25344K, reserved 1071104K
  class space    used 2842K, capacity 3040K, committed 3072K, reserved 1048576K
Event: 7,816 GC heap after
Heap after GC invocations=11 (full 1):
 PSYoungGen      total 134656K, used 8672K [0x00000000f0580000, 0x00000000fae00000, 0x0000000100000000)
  eden space 125952K, 0% used [0x00000000f0580000,0x00000000f0580000,0x00000000f8080000)
  from space 8704K, 99% used [0x00000000fa580000,0x00000000fadf8088,0x00000000fae00000)
  to   space 11264K, 0% used [0x00000000f9800000,0x00000000f9800000,0x00000000fa300000)
 ParOldGen       total 32256K, used 13241K [0x00000000d1000000, 0x00000000d2f80000, 0x00000000f0580000)
  object space 32256K, 41% used [0x00000000d1000000,0x00000000d1cee7a0,0x00000000d2f80000)
 Metaspace       used 24302K, capacity 25064K, committed 25344K, reserved 1071104K
  class space    used 2842K, capacity 3040K, committed 3072K, reserved 1048576K
}
Event: 12,085 GC heap before
{Heap before GC invocations=12 (full 1):
 PSYoungGen      total 134656K, used 134624K [0x00000000f0580000, 0x00000000fae00000, 0x0000000100000000)
  eden space 125952K, 100% used [0x00000000f0580000,0x00000000f8080000,0x00000000f8080000)
  from space 8704K, 99% used [0x00000000fa580000,0x00000000fadf8088,0x00000000fae00000)
  to   space 11264K, 0% used [0x00000000f9800000,0x00000000f9800000,0x00000000fa300000)
 ParOldGen       total 32256K, used 13241K [0x00000000d1000000, 0x00000000d2f80000, 0x00000000f0580000)
  object space 32256K, 41% used [0x00000000d1000000,0x00000000d1cee7a0,0x00000000d2f80000)
 Metaspace       used 27065K, capacity 27972K, committed 28288K, reserved 1075200K
  class space    used 3154K, capacity 3356K, committed 3456K, reserved 1048576K
Event: 12,122 GC heap after
Heap after GC invocations=12 (full 1):
 PSYoungGen      total 161280K, used 11257K [0x00000000f0580000, 0x00000000fc980000, 0x0000000100000000)
  eden space 150016K, 0% used [0x00000000f0580000,0x00000000f0580000,0x00000000f9800000)
  from space 11264K, 99% used [0x00000000f9800000,0x00000000fa2fe5b0,0x00000000fa300000)
  to   space 19968K, 0% used [0x00000000fb600000,0x00000000fb600000,0x00000000fc980000)
 ParOldGen       total 32768K, used 32729K [0x00000000d1000000, 0x00000000d3000000, 0x00000000f0580000)
  object space 32768K, 99% used [0x00000000d1000000,0x00000000d2ff67e8,0x00000000d3000000)
 Metaspace       used 27065K, capacity 27972K, committed 28288K, reserved 1075200K
  class space    used 3154K, capacity 3356K, committed 3456K, reserved 1048576K
}
Event: 12,122 GC heap before
{Heap before GC invocations=13 (full 2):
 PSYoungGen      total 161280K, used 11257K [0x00000000f0580000, 0x00000000fc980000, 0x0000000100000000)
  eden space 150016K, 0% used [0x00000000f0580000,0x00000000f0580000,0x00000000f9800000)
  from space 11264K, 99% used [0x00000000f9800000,0x00000000fa2fe5b0,0x00000000fa300000)
  to   space 19968K, 0% used [0x00000000fb600000,0x00000000fb600000,0x00000000fc980000)
 ParOldGen       total 32768K, used 32729K [0x00000000d1000000, 0x00000000d3000000, 0x00000000f0580000)
  object space 32768K, 99% used [0x00000000d1000000,0x00000000d2ff67e8,0x00000000d3000000)
 Metaspace       used 27065K, capacity 27972K, committed 28288K, reserved 1075200K
  class space    used 3154K, capacity 3356K, committed 3456K, reserved 1048576K
Event: 12,344 GC heap after
Heap after GC invocations=13 (full 2):
 PSYoungGen      total 161280K, used 5735K [0x00000000f0580000, 0x00000000fc980000, 0x0000000100000000)
  eden space 150016K, 0% used [0x00000000f0580000,0x00000000f0580000,0x00000000f9800000)
  from space 11264K, 50% used [0x00000000f9800000,0x00000000f9d99c58,0x00000000fa300000)
  to   space 19968K, 0% used [0x00000000fb600000,0x00000000fb600000,0x00000000fc980000)
 ParOldGen       total 72704K, used 32414K [0x00000000d1000000, 0x00000000d5700000, 0x00000000f0580000)
  object space 72704K, 44% used [0x00000000d1000000,0x00000000d2fa7830,0x00000000d5700000)
 Metaspace       used 27065K, capacity 27972K, committed 28288K, reserved 1075200K
  class space    used 3154K, capacity 3356K, committed 3456K, reserved 1048576K
}
Event: 13,652 GC heap before
{Heap before GC invocations=14 (full 2):
 PSYoungGen      total 161280K, used 155751K [0x00000000f0580000, 0x00000000fc980000, 0x0000000100000000)
  eden space 150016K, 100% used [0x00000000f0580000,0x00000000f9800000,0x00000000f9800000)
  from space 11264K, 50% used [0x00000000f9800000,0x00000000f9d99c58,0x00000000fa300000)
  to   space 19968K, 0% used [0x00000000fb600000,0x00000000fb600000,0x00000000fc980000)
 ParOldGen       total 72704K, used 32414K [0x00000000d1000000, 0x00000000d5700000, 0x00000000f0580000)
  object space 72704K, 44% used [0x00000000d1000000,0x00000000d2fa7830,0x00000000d5700000)
 Metaspace       used 27066K, capacity 27972K, committed 28288K, reserved 1075200K
  class space    used 3154K, capacity 3356K, committed 3456K, reserved 1048576K

