# JRE version: OpenJDK Runtime Environment (8.0_131-b11) (build 1.8.0_131-8u131-b11-2ubuntu1.17.04.3-b11)
# Java VM: OpenJDK 64-Bit Server VM (25.131-b11 mixed mode linux-amd64 compressed oops)
Heap:
 PSYoungGen      total 144896K, used 10741K [0x00000000f0580000, 0x00000000fae80000, 0x0000000100000000)
  eden space 134144K, 0% used [0x00000000f0580000,0x00000000f0580000,0x00000000f8880000)
  from space 10752K, 99% used [0x00000000f9980000,0x00000000fa3fd458,0x00000000fa400000)
  to   space 8704K, 0% used [0x00000000fa600000,0x00000000fa600000,0x00000000fae80000)
 ParOldGen       total 34816K, used 34624K [0x00000000d1000000, 0x00000000d3200000, 0x00000000f0580000)
  object space 34816K, 99% used [0x00000000d1000000,0x00000000d31d03c8,0x00000000d3200000)
 Metaspace       used 26913K, capacity 27780K, committed 28032K, reserved 1073152K
  class space    used 3155K, capacity 3356K, committed 3456K, reserved 1048576K
GC Heap History (10 events):
Event: 4,345 GC heap after
Heap after GC invocations=7 (full 0):
 PSYoungGen      total 54784K, used 5600K [0x00000000f0580000, 0x00000000f7380000, 0x0000000100000000)
  eden space 49152K, 0% used [0x00000000f0580000,0x00000000f0580000,0x00000000f3580000)
  from space 5632K, 99% used [0x00000000f3580000,0x00000000f3af8020,0x00000000f3b00000)
  to   space 7168K, 0% used [0x00000000f6c80000,0x00000000f6c80000,0x00000000f7380000)
 ParOldGen       total 32768K, used 9114K [0x00000000d1000000, 0x00000000d3000000, 0x00000000f0580000)
  object space 32768K, 27% used [0x00000000d1000000,0x00000000d18e6a78,0x00000000d3000000)
 Metaspace       used 16809K, capacity 17166K, committed 17536K, reserved 1064960K
  class space    used 2002K, capacity 2121K, committed 2176K, reserved 1048576K
}
Event: 5,083 GC heap before
{Heap before GC invocations=8 (full 0):
 PSYoungGen      total 54784K, used 54752K [0x00000000f0580000, 0x00000000f7380000, 0x0000000100000000)
  eden space 49152K, 100% used [0x00000000f0580000,0x00000000f3580000,0x00000000f3580000)
  from space 5632K, 99% used [0x00000000f3580000,0x00000000f3af8020,0x00000000f3b00000)
  to   space 7168K, 0% used [0x00000000f6c80000,0x00000000f6c80000,0x00000000f7380000)
 ParOldGen       total 32768K, used 9114K [0x00000000d1000000, 0x00000000d3000000, 0x00000000f0580000)
  object space 32768K, 27% used [0x00000000d1000000,0x00000000d18e6a78,0x00000000d3000000)
 Metaspace       used 17637K, capacity 18158K, committed 18304K, reserved 1064960K
  class space    used 2045K, capacity 2172K, committed 2176K, reserved 1048576K
Event: 5,100 GC heap after
Heap after GC invocations=8 (full 0):
 PSYoungGen      total 104448K, used 7136K [0x00000000f0580000, 0x00000000f7580000, 0x0000000100000000)
  eden space 97280K, 0% used [0x00000000f0580000,0x00000000f0580000,0x00000000f6480000)
  from space 7168K, 99% used [0x00000000f6c80000,0x00000000f7378020,0x00000000f7380000)
  to   space 8192K, 0% used [0x00000000f6480000,0x00000000f6480000,0x00000000f6c80000)
 ParOldGen       total 32768K, used 9882K [0x00000000d1000000, 0x00000000d3000000, 0x00000000f0580000)
  object space 32768K, 30% used [0x00000000d1000000,0x00000000d19a6850,0x00000000d3000000)
 Metaspace       used 17637K, capacity 18158K, committed 18304K, reserved 1064960K
  class space    used 2045K, capacity 2172K, committed 2176K, reserved 1048576K
}
Event: 5,466 GC heap before
{Heap before GC invocations=9 (full 0):
 PSYoungGen      total 104448K, used 25635K [0x00000000f0580000, 0x00000000f7580000, 0x0000000100000000)
  eden space 97280K, 19% used [0x00000000f0580000,0x00000000f1790d60,0x00000000f6480000)
  from space 7168K, 99% used [0x00000000f6c80000,0x00000000f7378020,0x00000000f7380000)
  to   space 8192K, 0% used [0x00000000f6480000,0x00000000f6480000,0x00000000f6c80000)
 ParOldGen       total 32768K, used 9882K [0x00000000d1000000, 0x00000000d3000000, 0x00000000f0580000)
  object space 32768K, 30% used [0x00000000d1000000,0x00000000d19a6850,0x00000000d3000000)
 Metaspace       used 20468K, capacity 21084K, committed 21296K, reserved 1069056K
  class space    used 2439K, capacity 2569K, committed 2688K, reserved 1048576K
Event: 5,485 GC heap after
Heap after GC invocations=9 (full 0):
 PSYoungGen      total 105472K, used 6285K [0x00000000f0580000, 0x00000000fae80000, 0x0000000100000000)
  eden space 97280K, 0% used [0x00000000f0580000,0x00000000f0580000,0x00000000f6480000)
  from space 8192K, 76% used [0x00000000f6480000,0x00000000f6aa3760,0x00000000f6c80000)
  to   space 8704K, 0% used [0x00000000fa600000,0x00000000fa600000,0x00000000fae80000)
 ParOldGen       total 32768K, used 11772K [0x00000000d1000000, 0x00000000d3000000, 0x00000000f0580000)
  object space 32768K, 35% used [0x00000000d1000000,0x00000000d1b7f0a0,0x00000000d3000000)
 Metaspace       used 20468K, capacity 21084K, committed 21296K, reserved 1069056K
  class space    used 2439K, capacity 2569K, committed 2688K, reserved 1048576K
}
Event: 5,485 GC heap before
{Heap before GC invocations=10 (full 1):
 PSYoungGen      total 105472K, used 6285K [0x00000000f0580000, 0x00000000fae80000, 0x0000000100000000)
  eden space 97280K, 0% used [0x00000000f0580000,0x00000000f0580000,0x00000000f6480000)
  from space 8192K, 76% used [0x00000000f6480000,0x00000000f6aa3760,0x00000000f6c80000)
  to   space 8704K, 0% used [0x00000000fa600000,0x00000000fa600000,0x00000000fae80000)
 ParOldGen       total 32768K, used 11772K [0x00000000d1000000, 0x00000000d3000000, 0x00000000f0580000)
  object space 32768K, 35% used [0x00000000d1000000,0x00000000d1b7f0a0,0x00000000d3000000)
 Metaspace       used 20468K, capacity 21084K, committed 21296K, reserved 1069056K
  class space    used 2439K, capacity 2569K, committed 2688K, reserved 1048576K
Event: 5,565 GC heap after
Heap after GC invocations=10 (full 1):
 PSYoungGen      total 105472K, used 0K [0x00000000f0580000, 0x00000000fae80000, 0x0000000100000000)
  eden space 97280K, 0% used [0x00000000f0580000,0x00000000f0580000,0x00000000f6480000)
  from space 8192K, 0% used [0x00000000f6480000,0x00000000f6480000,0x00000000f6c80000)
  to   space 8704K, 0% used [0x00000000fa600000,0x00000000fa600000,0x00000000fae80000)
 ParOldGen       total 30208K, used 10122K [0x00000000d1000000, 0x00000000d2d80000, 0x00000000f0580000)
  object space 30208K, 33% used [0x00000000d1000000,0x00000000d19e2b50,0x00000000d2d80000)
 Metaspace       used 20468K, capacity 21084K, committed 21296K, reserved 1069056K
  class space    used 2439K, capacity 2569K, committed 2688K, reserved 1048576K
}
Event: 6,976 GC heap before
{Heap before GC invocations=11 (full 1):
 PSYoungGen      total 105472K, used 97280K [0x00000000f0580000, 0x00000000fae80000, 0x0000000100000000)
  eden space 97280K, 100% used [0x00000000f0580000,0x00000000f6480000,0x00000000f6480000)
  from space 8192K, 0% used [0x00000000f6480000,0x00000000f6480000,0x00000000f6c80000)
  to   space 8704K, 0% used [0x00000000fa600000,0x00000000fa600000,0x00000000fae80000)
 ParOldGen       total 30208K, used 10122K [0x00000000d1000000, 0x00000000d2d80000, 0x00000000f0580000)
  object space 30208K, 33% used [0x00000000d1000000,0x00000000d19e2b50,0x00000000d2d80000)
 Metaspace       used 24095K, capacity 24872K, committed 25088K, reserved 1071104K
  class space    used 2842K, capacity 3040K, committed 3072K, reserved 1048576K
Event: 6,989 GC heap after
Heap after GC invocations=11 (full 1):
 PSYoungGen      total 142848K, used 8702K [0x00000000f0580000, 0x00000000fae80000, 0x0000000100000000)
  eden space 134144K, 0% used [0x00000000f0580000,0x00000000f0580000,0x00000000f8880000)
  from space 8704K, 99% used [0x00000000fa600000,0x00000000fae7f898,0x00000000fae80000)
  to   space 10752K, 0% used [0x00000000f9980000,0x00000000f9980000,0x00000000fa400000)
 ParOldGen       total 30208K, used 13056K [0x00000000d1000000, 0x00000000d2d80000, 0x00000000f0580000)
  object space 30208K, 43% used [0x00000000d1000000,0x00000000d1cc0160,0x00000000d2d80000)
 Metaspace       used 24095K, capacity 24872K, committed 25088K, reserved 1071104K
  class space    used 2842K, capacity 3040K, committed 3072K, reserved 1048576K
}
Event: 11,476 GC heap before
{Heap before GC invocations=12 (full 1):
 PSYoungGen      total 142848K, used 142846K [0x00000000f0580000, 0x00000000fae80000, 0x0000000100000000)
  eden space 134144K, 100% used [0x00000000f0580000,0x00000000f8880000,0x00000000f8880000)
  from space 8704K, 99% used [0x00000000fa600000,0x00000000fae7f898,0x00000000fae80000)
  to   space 10752K, 0% used [0x00000000f9980000,0x00000000f9980000,0x00000000fa400000)
 ParOldGen       total 30208K, used 13056K [0x00000000d1000000, 0x00000000d2d80000, 0x00000000f0580000)
  object space 30208K, 43% used [0x00000000d1000000,0x00000000d1cc0160,0x00000000d2d80000)
 Metaspace       used 26913K, capacity 27780K, committed 28032K, reserved 1073152K
  class space    used 3155K, capacity 3356K, committed 3456K, reserved 1048576K

