# JRE version: OpenJDK Runtime Environment (8.0_131-b11) (build 1.8.0_131-8u131-b11-2ubuntu1.17.04.3-b11)
# Java VM: OpenJDK 64-Bit Server VM (25.131-b11 mixed mode linux-amd64 compressed oops)
Heap:
 PSYoungGen      total 169984K, used 19948K [0x00000000f0580000, 0x00000000fd780000, 0x0000000100000000)
  eden space 150016K, 0% used [0x00000000f0580000,0x00000000f0580000,0x00000000f9800000)
  from space 19968K, 99% used [0x00000000fc400000,0x00000000fd77b200,0x00000000fd780000)
  to   space 11264K, 0% used [0x00000000f9800000,0x00000000f9800000,0x00000000fa300000)
 ParOldGen       total 73728K, used 49905K [0x00000000d1000000, 0x00000000d5800000, 0x00000000f0580000)
  object space 73728K, 67% used [0x00000000d1000000,0x00000000d40bc5d0,0x00000000d5800000)
 Metaspace       used 27062K, capacity 27972K, committed 28288K, reserved 1075200K
  class space    used 3153K, capacity 3356K, committed 3456K, reserved 1048576K
GC Heap History (10 events):
Event: 5,421 GC heap after
Heap after GC invocations=9 (full 0):
 PSYoungGen      total 105472K, used 6380K [0x00000000f0580000, 0x00000000fae00000, 0x0000000100000000)
  eden space 96768K, 0% used [0x00000000f0580000,0x00000000f0580000,0x00000000f6400000)
  from space 8704K, 73% used [0x00000000f6400000,0x00000000f6a3b068,0x00000000f6c80000)
  to   space 8704K, 0% used [0x00000000fa580000,0x00000000fa580000,0x00000000fae00000)
 ParOldGen       total 32768K, used 11816K [0x00000000d1000000, 0x00000000d3000000, 0x00000000f0580000)
  object space 32768K, 36% used [0x00000000d1000000,0x00000000d1b8a2b0,0x00000000d3000000)
 Metaspace       used 20503K, capacity 21084K, committed 21296K, reserved 1069056K
  class space    used 2441K, capacity 2569K, committed 2688K, reserved 1048576K
}
Event: 5,421 GC heap before
{Heap before GC invocations=10 (full 1):
 PSYoungGen      total 105472K, used 6380K [0x00000000f0580000, 0x00000000fae00000, 0x0000000100000000)
  eden space 96768K, 0% used [0x00000000f0580000,0x00000000f0580000,0x00000000f6400000)
  from space 8704K, 73% used [0x00000000f6400000,0x00000000f6a3b068,0x00000000f6c80000)
  to   space 8704K, 0% used [0x00000000fa580000,0x00000000fa580000,0x00000000fae00000)
 ParOldGen       total 32768K, used 11816K [0x00000000d1000000, 0x00000000d3000000, 0x00000000f0580000)
  object space 32768K, 36% used [0x00000000d1000000,0x00000000d1b8a2b0,0x00000000d3000000)
 Metaspace       used 20503K, capacity 21084K, committed 21296K, reserved 1069056K
  class space    used 2441K, capacity 2569K, committed 2688K, reserved 1048576K
Event: 5,525 GC heap after
Heap after GC invocations=10 (full 1):
 PSYoungGen      total 105472K, used 0K [0x00000000f0580000, 0x00000000fae00000, 0x0000000100000000)
  eden space 96768K, 0% used [0x00000000f0580000,0x00000000f0580000,0x00000000f6400000)
  from space 8704K, 0% used [0x00000000f6400000,0x00000000f6400000,0x00000000f6c80000)
  to   space 8704K, 0% used [0x00000000fa580000,0x00000000fa580000,0x00000000fae00000)
 ParOldGen       total 32768K, used 12567K [0x00000000d1000000, 0x00000000d3000000, 0x00000000f0580000)
  object space 32768K, 38% used [0x00000000d1000000,0x00000000d1c45f58,0x00000000d3000000)
 Metaspace       used 20503K, capacity 21084K, committed 21296K, reserved 1069056K
  class space    used 2441K, capacity 2569K, committed 2688K, reserved 1048576K
}
Event: 7,348 GC heap before
{Heap before GC invocations=11 (full 1):
 PSYoungGen      total 105472K, used 96768K [0x00000000f0580000, 0x00000000fae00000, 0x0000000100000000)
  eden space 96768K, 100% used [0x00000000f0580000,0x00000000f6400000,0x00000000f6400000)
  from space 8704K, 0% used [0x00000000f6400000,0x00000000f6400000,0x00000000f6c80000)
  to   space 8704K, 0% used [0x00000000fa580000,0x00000000fa580000,0x00000000fae00000)
 ParOldGen       total 32768K, used 12567K [0x00000000d1000000, 0x00000000d3000000, 0x00000000f0580000)
  object space 32768K, 38% used [0x00000000d1000000,0x00000000d1c45f58,0x00000000d3000000)
 Metaspace       used 24273K, capacity 25000K, committed 25088K, reserved 1071104K
  class space    used 2841K, capacity 3040K, committed 3072K, reserved 1048576K
Event: 7,373 GC heap after
Heap after GC invocations=11 (full 1):
 PSYoungGen      total 140288K, used 8692K [0x00000000f0580000, 0x00000000fae00000, 0x0000000100000000)
  eden space 131584K, 0% used [0x00000000f0580000,0x00000000f0580000,0x00000000f8600000)
  from space 8704K, 99% used [0x00000000fa580000,0x00000000fadfd098,0x00000000fae00000)
  to   space 11264K, 0% used [0x00000000f9800000,0x00000000f9800000,0x00000000fa300000)
 ParOldGen       total 32768K, used 15671K [0x00000000d1000000, 0x00000000d3000000, 0x00000000f0580000)
  object space 32768K, 47% used [0x00000000d1000000,0x00000000d1f4dde0,0x00000000d3000000)
 Metaspace       used 24273K, capacity 25000K, committed 25088K, reserved 1071104K
  class space    used 2841K, capacity 3040K, committed 3072K, reserved 1048576K
}
Event: 11,672 GC heap before
{Heap before GC invocations=12 (full 1):
 PSYoungGen      total 140288K, used 140276K [0x00000000f0580000, 0x00000000fae00000, 0x0000000100000000)
  eden space 131584K, 100% used [0x00000000f0580000,0x00000000f8600000,0x00000000f8600000)
  from space 8704K, 99% used [0x00000000fa580000,0x00000000fadfd098,0x00000000fae00000)
  to   space 11264K, 0% used [0x00000000f9800000,0x00000000f9800000,0x00000000fa300000)
 ParOldGen       total 32768K, used 15671K [0x00000000d1000000, 0x00000000d3000000, 0x00000000f0580000)
  object space 32768K, 47% used [0x00000000d1000000,0x00000000d1f4dde0,0x00000000d3000000)
 Metaspace       used 27062K, capacity 27972K, committed 28288K, reserved 1075200K
  class space    used 3153K, capacity 3356K, committed 3456K, reserved 1048576K
Event: 11,709 GC heap after
Heap after GC invocations=12 (full 1):
 PSYoungGen      total 161280K, used 11241K [0x00000000f0580000, 0x00000000fd780000, 0x0000000100000000)
  eden space 150016K, 0% used [0x00000000f0580000,0x00000000f0580000,0x00000000f9800000)
  from space 11264K, 99% used [0x00000000f9800000,0x00000000fa2fa5c0,0x00000000fa300000)
  to   space 19968K, 0% used [0x00000000fc400000,0x00000000fc400000,0x00000000fd780000)
 ParOldGen       total 36352K, used 35851K [0x00000000d1000000, 0x00000000d3380000, 0x00000000f0580000)
  object space 36352K, 98% used [0x00000000d1000000,0x00000000d3302fd0,0x00000000d3380000)
 Metaspace       used 27062K, capacity 27972K, committed 28288K, reserved 1075200K
  class space    used 3153K, capacity 3356K, committed 3456K, reserved 1048576K
}
Event: 11,710 GC heap before
{Heap before GC invocations=13 (full 2):
 PSYoungGen      total 161280K, used 11241K [0x00000000f0580000, 0x00000000fd780000, 0x0000000100000000)
  eden space 150016K, 0% used [0x00000000f0580000,0x00000000f0580000,0x00000000f9800000)
  from space 11264K, 99% used [0x00000000f9800000,0x00000000fa2fa5c0,0x00000000fa300000)
  to   space 19968K, 0% used [0x00000000fc400000,0x00000000fc400000,0x00000000fd780000)
 ParOldGen       total 36352K, used 35851K [0x00000000d1000000, 0x00000000d3380000, 0x00000000f0580000)
  object space 36352K, 98% used [0x00000000d1000000,0x00000000d3302fd0,0x00000000d3380000)
 Metaspace       used 27062K, capacity 27972K, committed 28288K, reserved 1075200K
  class space    used 3153K, capacity 3356K, committed 3456K, reserved 1048576K
Event: 11,942 GC heap after
Heap after GC invocations=13 (full 2):
 PSYoungGen      total 161280K, used 2855K [0x00000000f0580000, 0x00000000fd780000, 0x0000000100000000)
  eden space 150016K, 0% used [0x00000000f0580000,0x00000000f0580000,0x00000000f9800000)
  from space 11264K, 25% used [0x00000000f9800000,0x00000000f9ac9dc8,0x00000000fa300000)
  to   space 19968K, 0% used [0x00000000fc400000,0x00000000fc400000,0x00000000fd780000)
 ParOldGen       total 73728K, used 36243K [0x00000000d1000000, 0x00000000d5800000, 0x00000000f0580000)
  object space 73728K, 49% used [0x00000000d1000000,0x00000000d3364df8,0x00000000d5800000)
 Metaspace       used 27062K, capacity 27972K, committed 28288K, reserved 1075200K
  class space    used 3153K, capacity 3356K, committed 3456K, reserved 1048576K
}
Event: 13,515 GC heap before
{Heap before GC invocations=14 (full 2):
 PSYoungGen      total 161280K, used 152871K [0x00000000f0580000, 0x00000000fd780000, 0x0000000100000000)
  eden space 150016K, 100% used [0x00000000f0580000,0x00000000f9800000,0x00000000f9800000)
  from space 11264K, 25% used [0x00000000f9800000,0x00000000f9ac9dc8,0x00000000fa300000)
  to   space 19968K, 0% used [0x00000000fc400000,0x00000000fc400000,0x00000000fd780000)
 ParOldGen       total 73728K, used 36243K [0x00000000d1000000, 0x00000000d5800000, 0x00000000f0580000)
  object space 73728K, 49% used [0x00000000d1000000,0x00000000d3364df8,0x00000000d5800000)
 Metaspace       used 27062K, capacity 27972K, committed 28288K, reserved 1075200K
  class space    used 3153K, capacity 3356K, committed 3456K, reserved 1048576K

